
[2017-02-17 10:00:56]
[ERROR] Finding Java path - Cannot Run Process (/home/david/IonicAppWithRestBackend/backend/Mobile-Security-Framework-MobSF-master/MobSF/utils.py, LINE 277 "args, stdout=subprocess.PIPE, stderr=subprocess.STDOUT,)"): [Errno 2] No such file or directory
[2017-02-17 09:00:57]
[ERROR] Finding Java path - Cannot Run Process (/home/david/IonicAppWithRestBackend/backend/Mobile-Security-Framework-MobSF-master/MobSF/utils.py, LINE 277 "args, stdout=subprocess.PIPE, stderr=subprocess.STDOUT,)"): [Errno 2] No such file or directory
[2017-02-17 10:00:58]
[ERROR] Finding Java path - Cannot Run Process (/home/david/IonicAppWithRestBackend/backend/Mobile-Security-Framework-MobSF-master/MobSF/utils.py, LINE 277 "args, stdout=subprocess.PIPE, stderr=subprocess.STDOUT,)"): [Errno 2] No such file or directory
[2017-02-17 09:00:58]
[ERROR] Finding Java path - Cannot Run Process (/home/david/IonicAppWithRestBackend/backend/Mobile-Security-Framework-MobSF-master/MobSF/utils.py, LINE 277 "args, stdout=subprocess.PIPE, stderr=subprocess.STDOUT,)"): [Errno 2] No such file or directory
[2017-02-17 10:00:58]
[ERROR] Finding Java path - Cannot Run Process (/home/david/IonicAppWithRestBackend/backend/Mobile-Security-Framework-MobSF-master/MobSF/utils.py, LINE 277 "args, stdout=subprocess.PIPE, stderr=subprocess.STDOUT,)"): [Errno 2] No such file or directory
[2017-02-17 09:00:59]
[ERROR] Finding Java path - Cannot Run Process (/home/david/IonicAppWithRestBackend/backend/Mobile-Security-Framework-MobSF-master/MobSF/utils.py, LINE 277 "args, stdout=subprocess.PIPE, stderr=subprocess.STDOUT,)"): [Errno 2] No such file or directory
[2017-02-17 10:01:00]
[ERROR] Finding Java path - Cannot Run Process (/home/david/IonicAppWithRestBackend/backend/Mobile-Security-Framework-MobSF-master/MobSF/utils.py, LINE 277 "args, stdout=subprocess.PIPE, stderr=subprocess.STDOUT,)"): [Errno 2] No such file or directory
[2017-02-17 09:01:00]
[ERROR] Finding Java path - Cannot Run Process (/home/david/IonicAppWithRestBackend/backend/Mobile-Security-Framework-MobSF-master/MobSF/utils.py, LINE 277 "args, stdout=subprocess.PIPE, stderr=subprocess.STDOUT,)"): [Errno 2] No such file or directory
[2017-02-17 09:01:00]
[ERROR] Finding Java path - Cannot Run Process (/home/david/IonicAppWithRestBackend/backend/Mobile-Security-Framework-MobSF-master/MobSF/utils.py, LINE 277 "args, stdout=subprocess.PIPE, stderr=subprocess.STDOUT,)"): [Errno 2] No such file or directory
[2017-02-17 09:01:14]
[ERROR] Reading Manifest file (/home/david/IonicAppWithRestBackend/backend/Mobile-Security-Framework-MobSF-master/StaticAnalyzer/views/android/manifest_analysis.py, LINE 1240 "dat = subprocess.check_output(args)"): [Errno 2] No such file or directory
[2017-02-17 09:01:14]
[ERROR] Parsing Manifest file (/home/david/IonicAppWithRestBackend/backend/Mobile-Security-Framework-MobSF-master/StaticAnalyzer/views/android/manifest_analysis.py, LINE 24 "dat = read_manifest(app_dir, toosl_dir, typ, binary).replace("\n", "")"): 'NoneType' object has no attribute 'replace'
[2017-02-17 09:01:14]
[ERROR] Extracting Manifest Data (/home/david/IonicAppWithRestBackend/backend/Mobile-Security-Framework-MobSF-master/StaticAnalyzer/views/android/manifest_analysis.py, LINE 63 "permissions = mfxml.getElementsByTagName("uses-permission")"): 'NoneType' object has no attribute 'getElementsByTagName'
[2017-02-17 09:01:14]
[ERROR] Performing Manifest Analysis (/home/david/IonicAppWithRestBackend/backend/Mobile-Security-Framework-MobSF-master/StaticAnalyzer/views/android/manifest_analysis.py, LINE 651 "applications = mfxml.getElementsByTagName("application")"): 'NoneType' object has no attribute 'getElementsByTagName'
[2017-02-17 09:01:14]
[ERROR] Reading Code Signing Certificate (/home/david/IonicAppWithRestBackend/backend/Mobile-Security-Framework-MobSF-master/StaticAnalyzer/views/android/cert_analysis.py, LINE 61 "dat = subprocess.check_output(args)"): [Errno 2] No such file or directory
[2017-02-17 09:01:14]
[ERROR] Converting DEX to SMALI (/home/david/IonicAppWithRestBackend/backend/Mobile-Security-Framework-MobSF-master/StaticAnalyzer/views/android/converter.py, LINE 95 "subprocess.call(args)"): [Errno 2] No such file or directory
[2017-02-17 09:01:14]
[ERROR] Converting JAR to JAVA (/home/david/IonicAppWithRestBackend/backend/Mobile-Security-Framework-MobSF-master/StaticAnalyzer/views/android/converter.py, LINE 137 "subprocess.call(args)"): [Errno 2] No such file or directory
[2017-02-17 09:01:14]
[ERROR] Static Analyzer (/home/david/IonicAppWithRestBackend/backend/Mobile-Security-Framework-MobSF-master/StaticAnalyzer/views/android/static_analyzer.py, LINE 157 "man_an_dic['permissons'],"): 'NoneType' object has no attribute '__getitem__'
[2017-02-17 10:05:47]
[ERROR] Finding Java path - Cannot Run Process (/home/david/Mobile-Security-Framework-MobSF-master/MobSF/utils.py, LINE 277 "args, stdout=subprocess.PIPE, stderr=subprocess.STDOUT,)"): [Errno 2] No such file or directory
[2017-02-17 09:05:48]
[ERROR] Finding Java path - Cannot Run Process (/home/david/Mobile-Security-Framework-MobSF-master/MobSF/utils.py, LINE 277 "args, stdout=subprocess.PIPE, stderr=subprocess.STDOUT,)"): [Errno 2] No such file or directory
[2017-02-17 09:05:49]
[ERROR] Finding Java path - Cannot Run Process (/home/david/Mobile-Security-Framework-MobSF-master/MobSF/utils.py, LINE 277 "args, stdout=subprocess.PIPE, stderr=subprocess.STDOUT,)"): [Errno 2] No such file or directory
[2017-02-17 09:05:55]
[ERROR] Reading Manifest file (/home/david/Mobile-Security-Framework-MobSF-master/StaticAnalyzer/views/android/manifest_analysis.py, LINE 1240 "dat = subprocess.check_output(args)"): [Errno 2] No such file or directory
[2017-02-17 09:05:55]
[ERROR] Parsing Manifest file (/home/david/Mobile-Security-Framework-MobSF-master/StaticAnalyzer/views/android/manifest_analysis.py, LINE 24 "dat = read_manifest(app_dir, toosl_dir, typ, binary).replace("\n", "")"): 'NoneType' object has no attribute 'replace'
[2017-02-17 09:05:55]
[ERROR] Extracting Manifest Data (/home/david/Mobile-Security-Framework-MobSF-master/StaticAnalyzer/views/android/manifest_analysis.py, LINE 63 "permissions = mfxml.getElementsByTagName("uses-permission")"): 'NoneType' object has no attribute 'getElementsByTagName'
[2017-02-17 09:05:55]
[ERROR] Performing Manifest Analysis (/home/david/Mobile-Security-Framework-MobSF-master/StaticAnalyzer/views/android/manifest_analysis.py, LINE 651 "applications = mfxml.getElementsByTagName("application")"): 'NoneType' object has no attribute 'getElementsByTagName'
[2017-02-17 09:05:55]
[ERROR] Reading Code Signing Certificate (/home/david/Mobile-Security-Framework-MobSF-master/StaticAnalyzer/views/android/cert_analysis.py, LINE 61 "dat = subprocess.check_output(args)"): [Errno 2] No such file or directory
[2017-02-17 09:05:55]
[ERROR] Converting DEX to SMALI (/home/david/Mobile-Security-Framework-MobSF-master/StaticAnalyzer/views/android/converter.py, LINE 95 "subprocess.call(args)"): [Errno 2] No such file or directory
[2017-02-17 09:05:55]
[ERROR] Converting JAR to JAVA (/home/david/Mobile-Security-Framework-MobSF-master/StaticAnalyzer/views/android/converter.py, LINE 137 "subprocess.call(args)"): [Errno 2] No such file or directory
[2017-02-17 09:05:55]
[ERROR] Static Analyzer (/home/david/Mobile-Security-Framework-MobSF-master/StaticAnalyzer/views/android/static_analyzer.py, LINE 157 "man_an_dic['permissons'],"): 'NoneType' object has no attribute '__getitem__'
[2017-02-17 09:06:05]
[ERROR] Reading Manifest file (/home/david/Mobile-Security-Framework-MobSF-master/StaticAnalyzer/views/android/manifest_analysis.py, LINE 1240 "dat = subprocess.check_output(args)"): [Errno 2] No such file or directory
[2017-02-17 09:06:05]
[ERROR] Parsing Manifest file (/home/david/Mobile-Security-Framework-MobSF-master/StaticAnalyzer/views/android/manifest_analysis.py, LINE 24 "dat = read_manifest(app_dir, toosl_dir, typ, binary).replace("\n", "")"): 'NoneType' object has no attribute 'replace'
[2017-02-17 09:06:05]
[ERROR] Extracting Manifest Data (/home/david/Mobile-Security-Framework-MobSF-master/StaticAnalyzer/views/android/manifest_analysis.py, LINE 63 "permissions = mfxml.getElementsByTagName("uses-permission")"): 'NoneType' object has no attribute 'getElementsByTagName'
[2017-02-17 09:06:05]
[ERROR] Performing Manifest Analysis (/home/david/Mobile-Security-Framework-MobSF-master/StaticAnalyzer/views/android/manifest_analysis.py, LINE 651 "applications = mfxml.getElementsByTagName("application")"): 'NoneType' object has no attribute 'getElementsByTagName'
[2017-02-17 09:06:05]
[ERROR] Reading Code Signing Certificate (/home/david/Mobile-Security-Framework-MobSF-master/StaticAnalyzer/views/android/cert_analysis.py, LINE 61 "dat = subprocess.check_output(args)"): [Errno 2] No such file or directory
[2017-02-17 09:06:05]
[ERROR] Converting DEX to SMALI (/home/david/Mobile-Security-Framework-MobSF-master/StaticAnalyzer/views/android/converter.py, LINE 95 "subprocess.call(args)"): [Errno 2] No such file or directory
[2017-02-17 09:06:05]
[ERROR] Converting JAR to JAVA (/home/david/Mobile-Security-Framework-MobSF-master/StaticAnalyzer/views/android/converter.py, LINE 137 "subprocess.call(args)"): [Errno 2] No such file or directory
[2017-02-17 09:06:05]
[ERROR] Static Analyzer (/home/david/Mobile-Security-Framework-MobSF-master/StaticAnalyzer/views/android/static_analyzer.py, LINE 157 "man_an_dic['permissons'],"): 'NoneType' object has no attribute '__getitem__'
[2017-02-21 08:04:00]
[ERROR] Refreshing MobSF VM (/home/david/IonicAppWithRestBackend/backend/Mobile-Security-Framework-MobSF-master/DynamicAnalyzer/views/android.py, LINE 675 "subprocess.call(args)"): 'NoneType' object has no attribute 'rfind'
[2017-02-21 12:30:28]
[ERROR] Refreshing MobSF VM (/home/david/IonicAppWithRestBackend/backend/Mobile-Security-Framework-MobSF-master/DynamicAnalyzer/views/android.py, LINE 675 "subprocess.call(args)"): 'NoneType' object has no attribute 'rfind'
[2017-02-21 12:34:47]
[ERROR] Refreshing MobSF VM (/home/david/IonicAppWithRestBackend/backend/Mobile-Security-Framework-MobSF-master/DynamicAnalyzer/views/android.py, LINE 675 "subprocess.call(args)"): 'NoneType' object has no attribute 'rfind'
[2017-02-24 09:46:52]
[ERROR] Refreshing MobSF VM (/home/david/IonicAppWithRestBackend/backend/Mobile-Security-Framework-MobSF-master/DynamicAnalyzer/views/android.py, LINE 675 "subprocess.call(args)"): 'NoneType' object has no attribute 'rfind'
[2017-03-03 11:54:06]
[ERROR] Performing Manifest Analysis (/home/david/IonicAppWithRestBackend/backend/Mobile-Security-Framework-MobSF-master/StaticAnalyzer/views/android/manifest_analysis.py, LINE 1204 "a_desc = a_template[2] % t_desc"): not all arguments converted during string formatting
[2017-03-03 11:58:37]
[ERROR] Static Analyzer (/home/david/IonicAppWithRestBackend/backend/Mobile-Security-Framework-MobSF-master/StaticAnalyzer/views/android/static_analyzer.py, LINE 157 "man_an_dic['permissons'],"): 'NoneType' object has no attribute '__getitem__'
[2017-03-03 12:02:11]
[ERROR] Performing Manifest Analysis (/home/david/IonicAppWithRestBackend/backend/Mobile-Security-Framework-MobSF-master/StaticAnalyzer/views/android/manifest_analysis.py, LINE 1204 "a_desc = a_template[2] % t_desc"): not all arguments converted during string formatting
[2017-03-03 12:05:46]
[ERROR] Performing Manifest Analysis (/home/david/IonicAppWithRestBackend/backend/Mobile-Security-Framework-MobSF-master/StaticAnalyzer/views/android/manifest_analysis.py, LINE 1204 "a_desc = a_template[2] % t_desc"): not all arguments converted during string formatting
[2017-03-03 12:08:57]
[ERROR] Static Analyzer (/home/david/IonicAppWithRestBackend/backend/Mobile-Security-Framework-MobSF-master/StaticAnalyzer/views/android/static_analyzer.py, LINE 157 "man_an_dic['permissons'],"): 'NoneType' object has no attribute '__getitem__'
[2017-03-03 12:09:58]
[ERROR] Performing Manifest Analysis (/home/david/IonicAppWithRestBackend/backend/Mobile-Security-Framework-MobSF-master/StaticAnalyzer/views/android/manifest_analysis.py, LINE 1204 "a_desc = a_template[2] % t_desc"): not all arguments converted during string formatting
[2017-03-03 12:12:11]
[ERROR] Static Analyzer (/home/david/IonicAppWithRestBackend/backend/Mobile-Security-Framework-MobSF-master/StaticAnalyzer/views/android/static_analyzer.py, LINE 157 "man_an_dic['permissons'],"): 'NoneType' object has no attribute '__getitem__'
[2017-03-03 12:13:21]
[ERROR] Performing Manifest Analysis (/home/david/IonicAppWithRestBackend/backend/Mobile-Security-Framework-MobSF-master/StaticAnalyzer/views/android/manifest_analysis.py, LINE 1204 "a_desc = a_template[2] % t_desc"): not all arguments converted during string formatting
[2017-03-03 12:38:55]
[ERROR] Performing Manifest Analysis (/home/david/IonicAppWithRestBackend/backend/Mobile-Security-Framework-MobSF-master/StaticAnalyzer/views/android/manifest_analysis.py, LINE 1204 "a_desc = a_template[2] % t_desc"): not all arguments converted during string formatting
[2017-03-03 12:42:53]
[ERROR] Performing Manifest Analysis (/home/david/IonicAppWithRestBackend/backend/Mobile-Security-Framework-MobSF-master/StaticAnalyzer/views/android/manifest_analysis.py, LINE 1204 "a_desc = a_template[2] % t_desc"): not all arguments converted during string formatting
[2017-03-03 12:51:07]
[ERROR] Performing Manifest Analysis (/home/david/IonicAppWithRestBackend/backend/Mobile-Security-Framework-MobSF-master/StaticAnalyzer/views/android/manifest_analysis.py, LINE 1204 "a_desc = a_template[2] % t_desc"): not all arguments converted during string formatting
[2017-03-03 12:53:03]
[ERROR] Static Analyzer (/home/david/IonicAppWithRestBackend/backend/Mobile-Security-Framework-MobSF-master/StaticAnalyzer/views/android/static_analyzer.py, LINE 157 "man_an_dic['permissons'],"): 'NoneType' object has no attribute '__getitem__'
[2017-03-03 12:55:58]
[ERROR] Performing Manifest Analysis (/home/david/IonicAppWithRestBackend/backend/Mobile-Security-Framework-MobSF-master/StaticAnalyzer/views/android/manifest_analysis.py, LINE 1204 "a_desc = a_template[2] % t_desc"): not all arguments converted during string formatting
[2017-03-06 07:59:45]
[ERROR] Performing Manifest Analysis (/home/david/IonicAppWithRestBackend/backend/Mobile-Security-Framework-MobSF-master/StaticAnalyzer/views/android/manifest_analysis.py, LINE 1204 "a_desc = a_template[2] % t_desc"): not all arguments converted during string formatting
[2017-03-06 08:00:51]
[ERROR] Performing Manifest Analysis (/home/david/IonicAppWithRestBackend/backend/Mobile-Security-Framework-MobSF-master/StaticAnalyzer/views/android/manifest_analysis.py, LINE 1204 "a_desc = a_template[2] % t_desc"): not all arguments converted during string formatting
[2017-03-06 08:04:24]
[ERROR] Static Analyzer (/home/david/IonicAppWithRestBackend/backend/Mobile-Security-Framework-MobSF-master/StaticAnalyzer/views/android/static_analyzer.py, LINE 157 "man_an_dic['permissons'],"): 'NoneType' object has no attribute '__getitem__'
[2017-03-06 08:06:07]
[ERROR] Performing Manifest Analysis (/home/david/IonicAppWithRestBackend/backend/Mobile-Security-Framework-MobSF-master/StaticAnalyzer/views/android/manifest_analysis.py, LINE 1204 "a_desc = a_template[2] % t_desc"): not all arguments converted during string formatting
[2017-03-06 08:09:56]
[ERROR] Static Analyzer (/home/david/IonicAppWithRestBackend/backend/Mobile-Security-Framework-MobSF-master/StaticAnalyzer/views/android/static_analyzer.py, LINE 157 "man_an_dic['permissons'],"): 'NoneType' object has no attribute '__getitem__'
[2017-03-06 08:14:52]
[ERROR] Performing Manifest Analysis (/home/david/IonicAppWithRestBackend/backend/Mobile-Security-Framework-MobSF-master/StaticAnalyzer/views/android/manifest_analysis.py, LINE 1204 "a_desc = a_template[2] % t_desc"): not all arguments converted during string formatting
[2017-03-06 08:15:13]
[ERROR] Performing Manifest Analysis (/home/david/IonicAppWithRestBackend/backend/Mobile-Security-Framework-MobSF-master/StaticAnalyzer/views/android/manifest_analysis.py, LINE 1204 "a_desc = a_template[2] % t_desc"): not all arguments converted during string formatting
[2017-03-06 08:23:32]
[ERROR] Performing Manifest Analysis (/home/david/IonicAppWithRestBackend/backend/Mobile-Security-Framework-MobSF-master/StaticAnalyzer/views/android/manifest_analysis.py, LINE 1204 "a_desc = a_template[2] % t_desc"): not all arguments converted during string formatting
[2017-03-06 08:24:15]
[ERROR] Performing Manifest Analysis (/home/david/IonicAppWithRestBackend/backend/Mobile-Security-Framework-MobSF-master/StaticAnalyzer/views/android/manifest_analysis.py, LINE 1204 "a_desc = a_template[2] % t_desc"): not all arguments converted during string formatting
[2017-03-06 08:28:18]
[ERROR] Static Analyzer (/home/david/IonicAppWithRestBackend/backend/Mobile-Security-Framework-MobSF-master/StaticAnalyzer/views/android/static_analyzer.py, LINE 157 "man_an_dic['permissons'],"): 'NoneType' object has no attribute '__getitem__'
[2017-03-06 08:29:43]
[ERROR] Performing Manifest Analysis (/home/david/IonicAppWithRestBackend/backend/Mobile-Security-Framework-MobSF-master/StaticAnalyzer/views/android/manifest_analysis.py, LINE 1204 "a_desc = a_template[2] % t_desc"): not all arguments converted during string formatting
[2017-03-06 08:31:08]
[ERROR] Performing Manifest Analysis (/home/david/IonicAppWithRestBackend/backend/Mobile-Security-Framework-MobSF-master/StaticAnalyzer/views/android/manifest_analysis.py, LINE 1204 "a_desc = a_template[2] % t_desc"): not all arguments converted during string formatting
[2017-03-06 08:31:18]
[ERROR] Static Analyzer (/home/david/IonicAppWithRestBackend/backend/Mobile-Security-Framework-MobSF-master/StaticAnalyzer/views/android/static_analyzer.py, LINE 157 "man_an_dic['permissons'],"): 'NoneType' object has no attribute '__getitem__'
[2017-03-06 08:33:45]
[ERROR] Static Analyzer (/home/david/IonicAppWithRestBackend/backend/Mobile-Security-Framework-MobSF-master/StaticAnalyzer/views/android/static_analyzer.py, LINE 157 "man_an_dic['permissons'],"): 'NoneType' object has no attribute '__getitem__'
[2017-03-06 08:36:08]
[ERROR] Performing Manifest Analysis (/home/david/IonicAppWithRestBackend/backend/Mobile-Security-Framework-MobSF-master/StaticAnalyzer/views/android/manifest_analysis.py, LINE 1204 "a_desc = a_template[2] % t_desc"): not all arguments converted during string formatting
[2017-03-06 08:39:08]
[ERROR] Static Analyzer (/home/david/IonicAppWithRestBackend/backend/Mobile-Security-Framework-MobSF-master/StaticAnalyzer/views/android/static_analyzer.py, LINE 157 "man_an_dic['permissons'],"): 'NoneType' object has no attribute '__getitem__'
[2017-03-06 08:42:16]
[ERROR] Performing Manifest Analysis (/home/david/IonicAppWithRestBackend/backend/Mobile-Security-Framework-MobSF-master/StaticAnalyzer/views/android/manifest_analysis.py, LINE 1204 "a_desc = a_template[2] % t_desc"): not all arguments converted during string formatting
[2017-03-06 08:45:22]
[ERROR] Static Analyzer (/home/david/IonicAppWithRestBackend/backend/Mobile-Security-Framework-MobSF-master/StaticAnalyzer/views/android/static_analyzer.py, LINE 157 "man_an_dic['permissons'],"): 'NoneType' object has no attribute '__getitem__'
[2017-03-06 08:46:35]
[ERROR] Performing Manifest Analysis (/home/david/IonicAppWithRestBackend/backend/Mobile-Security-Framework-MobSF-master/StaticAnalyzer/views/android/manifest_analysis.py, LINE 1204 "a_desc = a_template[2] % t_desc"): not all arguments converted during string formatting
[2017-03-06 08:49:42]
[ERROR] Static Analyzer (/home/david/IonicAppWithRestBackend/backend/Mobile-Security-Framework-MobSF-master/StaticAnalyzer/views/android/static_analyzer.py, LINE 157 "man_an_dic['permissons'],"): 'NoneType' object has no attribute '__getitem__'
[2017-03-06 08:50:13]
[ERROR] Performing Manifest Analysis (/home/david/IonicAppWithRestBackend/backend/Mobile-Security-Framework-MobSF-master/StaticAnalyzer/views/android/manifest_analysis.py, LINE 1204 "a_desc = a_template[2] % t_desc"): not all arguments converted during string formatting
[2017-03-06 09:03:16]
[ERROR] Performing Manifest Analysis (/home/david/IonicAppWithRestBackend/backend/Mobile-Security-Framework-MobSF-master/StaticAnalyzer/views/android/manifest_analysis.py, LINE 1204 "a_desc = a_template[2] % t_desc"): not all arguments converted during string formatting
[2017-03-06 09:08:36]
[ERROR] Performing Manifest Analysis (/home/david/IonicAppWithRestBackend/backend/Mobile-Security-Framework-MobSF-master/StaticAnalyzer/views/android/manifest_analysis.py, LINE 1204 "a_desc = a_template[2] % t_desc"): not all arguments converted during string formatting
[2017-03-06 09:11:47]
[ERROR] Static Analyzer (/home/david/IonicAppWithRestBackend/backend/Mobile-Security-Framework-MobSF-master/StaticAnalyzer/views/android/static_analyzer.py, LINE 157 "man_an_dic['permissons'],"): 'NoneType' object has no attribute '__getitem__'
[2017-03-06 09:37:31]
[ERROR] Performing Manifest Analysis (/home/david/IonicAppWithRestBackend/backend/Mobile-Security-Framework-MobSF-master/StaticAnalyzer/views/android/manifest_analysis.py, LINE 1204 "a_desc = a_template[2] % t_desc"): not all arguments converted during string formatting
[2017-03-06 09:40:18]
[ERROR] Static Analyzer (/home/david/IonicAppWithRestBackend/backend/Mobile-Security-Framework-MobSF-master/StaticAnalyzer/views/android/static_analyzer.py, LINE 157 "man_an_dic['permissons'],"): 'NoneType' object has no attribute '__getitem__'
[2017-03-06 11:10:12]
[ERROR] Performing Manifest Analysis (/home/david/IonicAppWithRestBackend/backend/Mobile-Security-Framework-MobSF-master/StaticAnalyzer/views/android/manifest_analysis.py, LINE 1204 "a_desc = a_template[2] % t_desc"): not all arguments converted during string formatting
[2017-03-06 11:12:25]
[ERROR] Static Analyzer (/home/david/IonicAppWithRestBackend/backend/Mobile-Security-Framework-MobSF-master/StaticAnalyzer/views/android/static_analyzer.py, LINE 157 "man_an_dic['permissons'],"): 'NoneType' object has no attribute '__getitem__'
[2017-03-06 13:18:36]
[ERROR] Performing Manifest Analysis (/home/david/IonicAppWithRestBackend/backend/Mobile-Security-Framework-MobSF-master/StaticAnalyzer/views/android/manifest_analysis.py, LINE 1204 "a_desc = a_template[2] % t_desc"): not all arguments converted during string formatting
[2017-03-06 13:21:04]
[ERROR] Static Analyzer (/home/david/IonicAppWithRestBackend/backend/Mobile-Security-Framework-MobSF-master/StaticAnalyzer/views/android/static_analyzer.py, LINE 157 "man_an_dic['permissons'],"): 'NoneType' object has no attribute '__getitem__'
[2017-03-07 08:08:43]
[ERROR] Performing Manifest Analysis (/home/david/IonicAppWithRestBackend/backend/Mobile-Security-Framework-MobSF-master/StaticAnalyzer/views/android/manifest_analysis.py, LINE 1204 "a_desc = a_template[2] % t_desc"): not all arguments converted during string formatting
[2017-03-07 08:10:46]
[ERROR] Performing Manifest Analysis (/home/david/IonicAppWithRestBackend/backend/Mobile-Security-Framework-MobSF-master/StaticAnalyzer/views/android/manifest_analysis.py, LINE 1204 "a_desc = a_template[2] % t_desc"): not all arguments converted during string formatting
[2017-03-07 08:11:13]
[ERROR] Performing Manifest Analysis (/home/david/IonicAppWithRestBackend/backend/Mobile-Security-Framework-MobSF-master/StaticAnalyzer/views/android/manifest_analysis.py, LINE 1204 "a_desc = a_template[2] % t_desc"): not all arguments converted during string formatting
[2017-03-07 08:11:27]
[ERROR] Static Analyzer (/home/david/IonicAppWithRestBackend/backend/Mobile-Security-Framework-MobSF-master/StaticAnalyzer/views/android/static_analyzer.py, LINE 157 "man_an_dic['permissons'],"): 'NoneType' object has no attribute '__getitem__'
[2017-03-07 08:15:33]
[ERROR] Performing Manifest Analysis (/home/david/IonicAppWithRestBackend/backend/Mobile-Security-Framework-MobSF-master/StaticAnalyzer/views/android/manifest_analysis.py, LINE 1204 "a_desc = a_template[2] % t_desc"): not all arguments converted during string formatting
[2017-03-07 08:16:21]
[ERROR] Performing Manifest Analysis (/home/david/IonicAppWithRestBackend/backend/Mobile-Security-Framework-MobSF-master/StaticAnalyzer/views/android/manifest_analysis.py, LINE 1204 "a_desc = a_template[2] % t_desc"): not all arguments converted during string formatting
[2017-03-07 08:19:00]
[ERROR] Performing Manifest Analysis (/home/david/IonicAppWithRestBackend/backend/Mobile-Security-Framework-MobSF-master/StaticAnalyzer/views/android/manifest_analysis.py, LINE 1204 "a_desc = a_template[2] % t_desc"): not all arguments converted during string formatting
[2017-03-07 08:21:33]
[ERROR] Static Analyzer (/home/david/IonicAppWithRestBackend/backend/Mobile-Security-Framework-MobSF-master/StaticAnalyzer/views/android/static_analyzer.py, LINE 157 "man_an_dic['permissons'],"): 'NoneType' object has no attribute '__getitem__'
[2017-03-07 08:22:58]
[ERROR] Performing Manifest Analysis (/home/david/IonicAppWithRestBackend/backend/Mobile-Security-Framework-MobSF-master/StaticAnalyzer/views/android/manifest_analysis.py, LINE 1204 "a_desc = a_template[2] % t_desc"): not all arguments converted during string formatting
[2017-03-07 08:25:11]
[ERROR] Static Analyzer (/home/david/IonicAppWithRestBackend/backend/Mobile-Security-Framework-MobSF-master/StaticAnalyzer/views/android/static_analyzer.py, LINE 157 "man_an_dic['permissons'],"): 'NoneType' object has no attribute '__getitem__'
[2017-03-07 08:34:44]
[ERROR] Performing Manifest Analysis (/home/david/IonicAppWithRestBackend/backend/Mobile-Security-Framework-MobSF-master/StaticAnalyzer/views/android/manifest_analysis.py, LINE 1204 "a_desc = a_template[2] % t_desc"): not all arguments converted during string formatting
[2017-03-07 12:16:09]
[ERROR] Performing Manifest Analysis (/home/david/IonicAppWithRestBackend/backend/Mobile-Security-Framework-MobSF-master/StaticAnalyzer/views/android/manifest_analysis.py, LINE 1204 "a_desc = a_template[2] % t_desc"): not all arguments converted during string formatting
[2017-03-07 12:20:04]
[ERROR] Performing Manifest Analysis (/home/david/IonicAppWithRestBackend/backend/Mobile-Security-Framework-MobSF-master/StaticAnalyzer/views/android/manifest_analysis.py, LINE 1204 "a_desc = a_template[2] % t_desc"): not all arguments converted during string formatting
[2017-03-07 12:21:37]
[ERROR] Performing Manifest Analysis (/home/david/IonicAppWithRestBackend/backend/Mobile-Security-Framework-MobSF-master/StaticAnalyzer/views/android/manifest_analysis.py, LINE 1204 "a_desc = a_template[2] % t_desc"): not all arguments converted during string formatting
[2017-03-07 12:21:53]
[ERROR] Performing Manifest Analysis (/home/david/IonicAppWithRestBackend/backend/Mobile-Security-Framework-MobSF-master/StaticAnalyzer/views/android/manifest_analysis.py, LINE 1204 "a_desc = a_template[2] % t_desc"): not all arguments converted during string formatting
[2017-03-07 12:21:55]
[ERROR] Static Analyzer (/home/david/IonicAppWithRestBackend/backend/Mobile-Security-Framework-MobSF-master/StaticAnalyzer/views/android/static_analyzer.py, LINE 157 "man_an_dic['permissons'],"): 'NoneType' object has no attribute '__getitem__'
[2017-03-07 12:27:30]
[ERROR] Performing Manifest Analysis (/home/david/IonicAppWithRestBackend/backend/Mobile-Security-Framework-MobSF-master/StaticAnalyzer/views/android/manifest_analysis.py, LINE 1204 "a_desc = a_template[2] % t_desc"): not all arguments converted during string formatting
[2017-03-07 12:28:43]
[ERROR] Performing Manifest Analysis (/home/david/IonicAppWithRestBackend/backend/Mobile-Security-Framework-MobSF-master/StaticAnalyzer/views/android/manifest_analysis.py, LINE 1204 "a_desc = a_template[2] % t_desc"): not all arguments converted during string formatting
[2017-03-07 12:31:18]
[ERROR] Static Analyzer (/home/david/IonicAppWithRestBackend/backend/Mobile-Security-Framework-MobSF-master/StaticAnalyzer/views/android/static_analyzer.py, LINE 157 "man_an_dic['permissons'],"): 'NoneType' object has no attribute '__getitem__'
[2017-03-07 12:31:25]
[ERROR] Performing Manifest Analysis (/home/david/IonicAppWithRestBackend/backend/Mobile-Security-Framework-MobSF-master/StaticAnalyzer/views/android/manifest_analysis.py, LINE 1204 "a_desc = a_template[2] % t_desc"): not all arguments converted during string formatting
[2017-03-07 13:16:49]
[ERROR] Performing Manifest Analysis (/home/david/IonicAppWithRestBackend/backend/Mobile-Security-Framework-MobSF-master/StaticAnalyzer/views/android/manifest_analysis.py, LINE 1204 "a_desc = a_template[2] % t_desc"): not all arguments converted during string formatting
[2017-03-08 08:01:02]
[ERROR] Performing Manifest Analysis (/home/david/IonicAppWithRestBackend/backend/Mobile-Security-Framework-MobSF-master/StaticAnalyzer/views/android/manifest_analysis.py, LINE 1204 "a_desc = a_template[2] % t_desc"): not all arguments converted during string formatting
[2017-03-08 08:02:56]
[ERROR] Performing Manifest Analysis (/home/david/IonicAppWithRestBackend/backend/Mobile-Security-Framework-MobSF-master/StaticAnalyzer/views/android/manifest_analysis.py, LINE 1204 "a_desc = a_template[2] % t_desc"): not all arguments converted during string formatting
[2017-03-09 10:59:51]
[ERROR] Cannot Check for updates. (/home/david/Escritorio/MobSFDavid/TrabajoFinalGrado/MobSF/utils.py, LINE 49 "html = response.read().split("\n")"): [Errno 104] Connection reset by peer
[2017-03-09 11:06:01]
[ERROR] Cannot Check for updates. (/home/david/Escritorio/MobSFDavid/TrabajoFinalGrado/MobSF/utils.py, LINE 49 "html = response.read().split("\n")"): [Errno 104] Connection reset by peer
[2017-03-09 11:12:20]
[ERROR] Adding Scan URL to Database (/home/david/Escritorio/MobSFDavid/TrabajoFinalGrado/MobSF/views.py, LINE 93 "NAME=name, MD5=md5, URL=url, TS=timezone.now(), userID=user.id)"): global name 'user' is not defined
[2017-03-09 11:23:26]
[ERROR] Adding Scan URL to Database (/home/david/Escritorio/MobSFDavid/TrabajoFinalGrado/MobSF/views.py, LINE 93 "NAME=name, MD5=md5, URL=url, TS=timezone.now(), userID=user.id)"): global name 'user' is not defined
[2017-03-09 11:24:39]
[ERROR] Adding Scan URL to Database (/home/david/Escritorio/MobSFDavid/TrabajoFinalGrado/MobSF/views.py, LINE 93 "NAME=name, MD5=md5, URL=url, TS=timezone.now(), userID=user.id)"): global name 'user' is not defined
[2017-03-09 11:30:34]
[ERROR] Adding Scan URL to Database (/home/david/Escritorio/MobSFDavid/TrabajoFinalGrado/MobSF/views.py, LINE 93 "NAME=name, MD5=md5, URL=url, TS=timezone.now(), userID=user.id)"): global name 'user' is not defined
[2017-03-09 11:51:18]
[ERROR] Adding Scan URL to Database (/home/david/Escritorio/MobSFDavid/TrabajoFinalGrado/MobSF/views.py, LINE 95 "NAME=name, MD5=md5, URL=url, TS=timezone.now(), userID=request.session["user"].id)"): global name 'request' is not defined
[2017-03-09 12:52:36]
[ERROR] Cannot Check for updates. (/home/david/Escritorio/MobSFDavid/TrabajoFinalGrado/MobSF/utils.py, LINE 49 "html = response.read().split("\n")"): [Errno 104] Connection reset by peer
[2017-03-09 13:06:42]
[ERROR] Cannot Check for updates. (/home/david/Escritorio/MobSFDavid/TrabajoFinalGrado/MobSF/utils.py, LINE 49 "html = response.read().split("\n")"): [Errno 104] Connection reset by peer
[2017-03-09 13:06:51]
[ERROR] Cannot Check for updates. (/home/david/Escritorio/MobSFDavid/TrabajoFinalGrado/MobSF/utils.py, LINE 49 "html = response.read().split("\n")"): [Errno 104] Connection reset by peer
[2017-03-09 13:10:49]
[ERROR] Adding Scan URL to Database (/home/david/Escritorio/MobSFDavid/TrabajoFinalGrado/MobSF/views.py, LINE 98 "new_db_obj.save()"): UNIQUE constraint failed: MobSF_recentscansdb.NAME, MobSF_recentscansdb.userID
[2017-03-09 13:18:34]
[ERROR] Adding Scan URL to Database (/home/david/Escritorio/MobSFDavid/TrabajoFinalGrado/MobSF/views.py, LINE 98 "new_db_obj.save()"): UNIQUE constraint failed: MobSF_recentscansdb.NAME, MobSF_recentscansdb.userID
[2017-03-09 13:18:34]
[ERROR] Uploading File: (/home/david/Escritorio/MobSFDavid/TrabajoFinalGrado/MobSF/views.py, LINE 157 "request.FILES['file'].name, md5, response_data['url'])"): Invalid block tag on line 13: 'end', expected 'endblock'. Did you forget to register or load this tag?
[2017-03-09 13:20:24]
[ERROR] Adding Scan URL to Database (/home/david/Escritorio/MobSFDavid/TrabajoFinalGrado/MobSF/views.py, LINE 98 "new_db_obj.save()"): UNIQUE constraint failed: MobSF_recentscansdb.NAME, MobSF_recentscansdb.userID
[2017-03-09 14:07:02]
[ERROR] Performing Manifest Analysis (/home/david/MobSFramework/StaticAnalyzer/views/android/manifest_analysis.py, LINE 1204 "a_desc = a_template[2] % t_desc"): not all arguments converted during string formatting
[2017-03-09 14:07:54]
[ERROR] Performing Manifest Analysis (/home/david/MobSFramework/StaticAnalyzer/views/android/manifest_analysis.py, LINE 1204 "a_desc = a_template[2] % t_desc"): not all arguments converted during string formatting
[2017-03-09 14:08:12]
[ERROR] Performing Manifest Analysis (/home/david/MobSFramework/StaticAnalyzer/views/android/manifest_analysis.py, LINE 1204 "a_desc = a_template[2] % t_desc"): not all arguments converted during string formatting
[2017-03-09 14:08:15]
[ERROR] Static Analyzer (/home/david/MobSFramework/StaticAnalyzer/views/android/static_analyzer.py, LINE 157 "man_an_dic['permissons'],"): 'NoneType' object has no attribute '__getitem__'
[2017-03-09 14:19:15]
[ERROR] Adding Scan URL to Database (/home/david/MobSFramework/MobSF/views.py, LINE 98 "new_db_obj.save()"): UNIQUE constraint failed: MobSF_recentscansdb.NAME, MobSF_recentscansdb.userID
[2017-03-09 14:19:16]
[ERROR] Performing Manifest Analysis (/home/david/MobSFramework/StaticAnalyzer/views/android/manifest_analysis.py, LINE 1204 "a_desc = a_template[2] % t_desc"): not all arguments converted during string formatting
[2017-03-09 15:26:00]
[ERROR] Adding Scan URL to Database (/home/david/MobSFramework/MobSF/views.py, LINE 98 "new_db_obj.save()"): UNIQUE constraint failed: MobSF_recentscansdb.NAME, MobSF_recentscansdb.userID
[2017-03-09 15:26:01]
[ERROR] Performing Manifest Analysis (/home/david/MobSFramework/StaticAnalyzer/views/android/manifest_analysis.py, LINE 1204 "a_desc = a_template[2] % t_desc"): not all arguments converted during string formatting
[2017-03-09 15:31:03]
[ERROR] Adding Scan URL to Database (/home/david/MobSFramework/MobSF/views.py, LINE 98 "new_db_obj.save()"): UNIQUE constraint failed: MobSF_recentscansdb.NAME, MobSF_recentscansdb.userID
[2017-03-09 15:31:04]
[ERROR] Performing Manifest Analysis (/home/david/MobSFramework/StaticAnalyzer/views/android/manifest_analysis.py, LINE 1204 "a_desc = a_template[2] % t_desc"): not all arguments converted during string formatting
[2017-03-09 15:35:47]
[ERROR] Adding Scan URL to Database (/home/david/MobSFramework/MobSF/views.py, LINE 98 "new_db_obj.save()"): UNIQUE constraint failed: MobSF_recentscansdb.NAME, MobSF_recentscansdb.userID
[2017-03-09 15:35:47]
[ERROR] Performing Manifest Analysis (/home/david/MobSFramework/StaticAnalyzer/views/android/manifest_analysis.py, LINE 1204 "a_desc = a_template[2] % t_desc"): not all arguments converted during string formatting
[2017-03-09 15:38:02]
[ERROR] Adding Scan URL to Database (/home/david/MobSFramework/MobSF/views.py, LINE 98 "new_db_obj.save()"): UNIQUE constraint failed: MobSF_recentscansdb.NAME, MobSF_recentscansdb.userID
[2017-03-09 15:38:03]
[ERROR] Performing Manifest Analysis (/home/david/MobSFramework/StaticAnalyzer/views/android/manifest_analysis.py, LINE 1204 "a_desc = a_template[2] % t_desc"): not all arguments converted during string formatting
[2017-03-09 15:41:20]
[ERROR] Static Analyzer (/home/david/MobSFramework/StaticAnalyzer/views/android/static_analyzer.py, LINE 157 "man_an_dic['permissons'],"): 'NoneType' object has no attribute '__getitem__'
[2017-03-09 15:41:58]
[ERROR] Adding Scan URL to Database (/home/david/MobSFramework/MobSF/views.py, LINE 98 "new_db_obj.save()"): UNIQUE constraint failed: MobSF_recentscansdb.NAME, MobSF_recentscansdb.userID
[2017-03-09 15:41:59]
[ERROR] Performing Manifest Analysis (/home/david/MobSFramework/StaticAnalyzer/views/android/manifest_analysis.py, LINE 1204 "a_desc = a_template[2] % t_desc"): not all arguments converted during string formatting
[2017-03-09 15:45:22]
[ERROR] Static Analyzer (/home/david/MobSFramework/StaticAnalyzer/views/android/static_analyzer.py, LINE 157 "man_an_dic['permissons'],"): 'NoneType' object has no attribute '__getitem__'
[2017-03-09 15:46:26]
[ERROR] Adding Scan URL to Database (/home/david/MobSFramework/MobSF/views.py, LINE 98 "new_db_obj.save()"): UNIQUE constraint failed: MobSF_recentscansdb.NAME, MobSF_recentscansdb.userID
[2017-03-09 15:46:27]
[ERROR] Performing Manifest Analysis (/home/david/MobSFramework/StaticAnalyzer/views/android/manifest_analysis.py, LINE 1204 "a_desc = a_template[2] % t_desc"): not all arguments converted during string formatting
[2017-03-09 15:47:28]
[ERROR] Adding Scan URL to Database (/home/david/MobSFramework/MobSF/views.py, LINE 98 "new_db_obj.save()"): UNIQUE constraint failed: MobSF_recentscansdb.NAME, MobSF_recentscansdb.userID
[2017-03-09 15:47:29]
[ERROR] Performing Manifest Analysis (/home/david/MobSFramework/StaticAnalyzer/views/android/manifest_analysis.py, LINE 1204 "a_desc = a_template[2] % t_desc"): not all arguments converted during string formatting
[2017-03-14 08:02:37]
[ERROR] Performing Manifest Analysis (/home/david/Escritorio/MobSFDavid/TrabajoFinalGrado/StaticAnalyzer/views/android/manifest_analysis.py, LINE 1204 "a_desc = a_template[2] % t_desc"): not all arguments converted during string formatting
[2017-03-14 08:07:20]
[ERROR] Performing Manifest Analysis (/home/david/Escritorio/MobSFDavid/TrabajoFinalGrado/StaticAnalyzer/views/android/manifest_analysis.py, LINE 1204 "a_desc = a_template[2] % t_desc"): not all arguments converted during string formatting
[2017-03-14 08:10:07]
[ERROR] Static Analyzer (/home/david/Escritorio/MobSFDavid/TrabajoFinalGrado/StaticAnalyzer/views/android/static_analyzer.py, LINE 157 "man_an_dic['permissons'],"): 'NoneType' object has no attribute '__getitem__'
[2017-03-14 09:09:21]
[ERROR] Performing Manifest Analysis (/home/david/Escritorio/MobSFDavid/TrabajoFinalGrado/StaticAnalyzer/views/android/manifest_analysis.py, LINE 1204 "a_desc = a_template[2] % t_desc"): not all arguments converted during string formatting
[2017-03-14 09:12:12]
[ERROR] Performing Manifest Analysis (/home/david/Escritorio/MobSFDavid/TrabajoFinalGrado/StaticAnalyzer/views/android/manifest_analysis.py, LINE 1204 "a_desc = a_template[2] % t_desc"): not all arguments converted during string formatting
[2017-03-14 09:12:33]
[ERROR] Static Analyzer (/home/david/Escritorio/MobSFDavid/TrabajoFinalGrado/StaticAnalyzer/views/android/static_analyzer.py, LINE 157 "man_an_dic['permissons'],"): 'NoneType' object has no attribute '__getitem__'
[2017-03-14 09:41:06]
[ERROR] PDF Report Generation Error (/home/david/Escritorio/MobSFDavid/TrabajoFinalGrado/StaticAnalyzer/views/shared_func.py, LINE 241 "if not result.err:"): StringIO instance has no attribute 'err'
[2017-03-14 09:57:12]
[ERROR] XML Report Generation Error (/home/david/Escritorio/MobSFDavid/TrabajoFinalGrado/StaticAnalyzer/views/shared_func.py, LINE 241 "data = serializers.serialize('xml', context),"): Non-model object (<type 'str'>) encountered during serialization
[2017-03-14 15:29:15]
[ERROR] XML Report Generation Error (/home/david/Escritorio/MobSFDavid/TrabajoFinalGrado/StaticAnalyzer/views/shared_func.py, LINE 248 "myfile.write(data)"): expected a character buffer object
[2017-03-14 15:30:21]
[ERROR] XML Report Generation Error (/home/david/Escritorio/MobSFDavid/TrabajoFinalGrado/StaticAnalyzer/views/shared_func.py, LINE 248 "myfile.write(data)"): expected a character buffer object
[2017-03-14 15:31:31]
[ERROR] XML Report Generation Error (/home/david/Escritorio/MobSFDavid/TrabajoFinalGrado/StaticAnalyzer/views/shared_func.py, LINE 248 "myfile.write(data)"): expected a character buffer object
[2017-03-14 15:34:52]
[ERROR] XML Report Generation Error (/home/david/Escritorio/MobSFDavid/TrabajoFinalGrado/StaticAnalyzer/views/shared_func.py, LINE 248 "myfile.write(data)"): expected a character buffer object
[2017-03-15 12:48:18]
[ERROR] XML Report Generation Error (/home/david/Escritorio/MobSFDavid/TrabajoFinalGrado/StaticAnalyzer/views/shared_func.py, LINE 269 "soup = BeautifulStoneSoup(html)"): global name 'BeautifulStoneSoup' is not defined
[2017-03-16 10:40:16]
[ERROR] XML Report Generation Error (/home/david/Escritorio/MobSFDavid/TrabajoFinalGrado/StaticAnalyzer/views/shared_func.py, LINE 269 "soup = BeautifulStoneSoup(html)"): global name 'BeautifulStoneSoup' is not defined
[2017-03-16 10:44:57]
[ERROR] PDF Report Generation Error (/home/david/Escritorio/MobSFDavid/TrabajoFinalGrado/StaticAnalyzer/views/shared_func.py, LINE 430 "print context.key()"): 'dict' object has no attribute 'key'
[2017-03-16 11:03:56]
[ERROR] XML Report Generation Error (/home/david/Escritorio/MobSFDavid/TrabajoFinalGrado/StaticAnalyzer/views/shared_func.py, LINE 283 "response = HttpResponse(mimetype='application/force-download') # mimetype is replaced by content_type for django 1.7"): __init__() got an unexpected keyword argument 'mimetype'
[2017-03-16 11:27:45]
[ERROR] XML Report Generation Error (/home/david/Escritorio/MobSFDavid/TrabajoFinalGrado/StaticAnalyzer/views/shared_func.py, LINE 245 "etree.Element.text = '<?xml version="1.0"?>'"): 'builtin_function_or_method' object has no attribute 'text'
[2017-03-16 11:28:57]
[ERROR] XML Report Generation Error (/home/david/Escritorio/MobSFDavid/TrabajoFinalGrado/StaticAnalyzer/views/shared_func.py, LINE 245 "etree.SubElement(memorandum, "titul").text = context.get("title")+" - "+context.get("name")"): Argument '_parent' has incorrect type (expected lxml.etree._Element, got str)
[2017-03-21 08:02:01]
[ERROR] XML Report Generation Error (/home/david/Escritorio/MobSFDavid/TrabajoFinalGrado/StaticAnalyzer/views/shared_func.py, LINE 282 "filename = g.file.name.split('/')[-1]"): 'file' object has no attribute 'file'
[2017-03-21 08:03:42]
[ERROR] XML Report Generation Error (/home/david/Escritorio/MobSFDavid/TrabajoFinalGrado/StaticAnalyzer/views/shared_func.py, LINE 282 "filename = html.file.name.split('/')[-1]"): 'SafeText' object has no attribute 'file'
[2017-03-21 08:37:00]
[ERROR] XML Report Generation Error (/home/david/Escritorio/MobSFDavid/TrabajoFinalGrado/StaticAnalyzer/views/shared_func.py, LINE 277 "g = open('../tmp/a.xml', 'w')"): [Errno 2] No such file or directory: '../tmp/a.xml'
[2017-03-21 08:38:16]
[ERROR] XML Report Generation Error (/home/david/Escritorio/MobSFDavid/TrabajoFinalGrado/StaticAnalyzer/views/shared_func.py, LINE 277 "g = open('/home/david/Escritorio/MobSFDavid/TrabajoFinalGrado/xm/a.xml', 'w')"): [Errno 2] No such file or directory: '/home/david/Escritorio/MobSFDavid/TrabajoFinalGrado/xm/a.xml'
[2017-03-21 08:50:34]
[ERROR] XML Report Generation Error (/home/david/Escritorio/MobSFDavid/TrabajoFinalGrado/StaticAnalyzer/views/shared_func.py, LINE 277 "g = open('..///tmp/a.xml', 'w')"): [Errno 2] No such file or directory: '..///tmp/a.xml'
[2017-03-21 08:58:18]
[ERROR] XML Report Generation Error (/home/david/Escritorio/MobSFDavid/TrabajoFinalGrado/StaticAnalyzer/views/shared_func.py, LINE 277 "g = open('../../../tmp/mozilla_david0/dd.xml', 'w')"): [Errno 2] No such file or directory: '../../../tmp/mozilla_david0/dd.xml'
[2017-03-21 09:12:32]
[ERROR] XML Report Generation Error (/home/david/Escritorio/MobSFDavid/TrabajoFinalGrado/StaticAnalyzer/views/shared_func.py, LINE 277 "g = open('/../../xml/m.xml', 'w')"): [Errno 2] No such file or directory: '/../../xml/m.xml'
[2017-03-21 09:13:08]
[ERROR] XML Report Generation Error (/home/david/Escritorio/MobSFDavid/TrabajoFinalGrado/StaticAnalyzer/views/shared_func.py, LINE 277 "g = open('../../xml/m.xml', 'w')"): [Errno 2] No such file or directory: '../../xml/m.xml'
[2017-03-21 09:15:06]
[ERROR] XML Report Generation Error (/home/david/Escritorio/MobSFDavid/TrabajoFinalGrado/StaticAnalyzer/views/shared_func.py, LINE 277 "g = open('~/Escritorio/MobSFDavid/TrabajoFinalGrado/xml/m.xml', 'w')"): [Errno 2] No such file or directory: '~/Escritorio/MobSFDavid/TrabajoFinalGrado/xml/m.xml'
[2017-03-21 09:16:00]
[ERROR] XML Report Generation Error (/home/david/Escritorio/MobSFDavid/TrabajoFinalGrado/StaticAnalyzer/views/shared_func.py, LINE 277 "g = open('/xml/m.xml', 'w')"): [Errno 2] No such file or directory: '/xml/m.xml'
[2017-03-21 09:32:47]
[ERROR] XML Report Generation Error (/home/david/Escritorio/MobSFDavid/TrabajoFinalGrado/StaticAnalyzer/views/shared_func.py, LINE 284 "response = HttpResponse(g, content_type='application/force-download') # mimetype is replaced by content_type for django 1.7"): File not open for reading
[2017-03-21 09:33:25]
[ERROR] XML Report Generation Error (/home/david/Escritorio/MobSFDavid/TrabajoFinalGrado/StaticAnalyzer/views/shared_func.py, LINE 278 "g.write('<?xml version="1.0"?>')"): [Errno 9] Bad file descriptor
[2017-03-21 09:35:58]
[ERROR] XML Report Generation Error (/home/david/Escritorio/MobSFDavid/TrabajoFinalGrado/StaticAnalyzer/views/shared_func.py, LINE 277 "g = open('./MobSFDavid/TrabajoFinalGrado/xml/m.xml', 'w')"): [Errno 2] No such file or directory: './MobSFDavid/TrabajoFinalGrado/xml/m.xml'
[2017-03-21 09:38:04]
[ERROR] XML Report Generation Error (/home/david/Escritorio/MobSFDavid/TrabajoFinalGrado/StaticAnalyzer/views/shared_func.py, LINE 277 "g = open('/../../../../MobSFDavid/TrabajoFinalGrado/xml/t.xml', 'w')"): [Errno 2] No such file or directory: '/../../../../MobSFDavid/TrabajoFinalGrado/xml/t.xml'
[2017-03-21 09:39:42]
[ERROR] XML Report Generation Error (/home/david/Escritorio/MobSFDavid/TrabajoFinalGrado/StaticAnalyzer/views/shared_func.py, LINE 277 "g = open('../../../../MobSFDavid/TrabajoFinalGrado/xml/t.xml', 'w')"): [Errno 2] No such file or directory: '../../../../MobSFDavid/TrabajoFinalGrado/xml/t.xml'
[2017-03-21 09:40:25]
[ERROR] XML Report Generation Error (/home/david/Escritorio/MobSFDavid/TrabajoFinalGrado/StaticAnalyzer/views/shared_func.py, LINE 277 "g = open('////MobSFDavid/TrabajoFinalGrado/xml/t.xml', 'w')"): [Errno 2] No such file or directory: '////MobSFDavid/TrabajoFinalGrado/xml/t.xml'
[2017-03-21 09:42:04]
[ERROR] XML Report Generation Error (/home/david/Escritorio/MobSFDavid/TrabajoFinalGrado/StaticAnalyzer/views/shared_func.py, LINE 277 "g = open('///MobSFDavid/TrabajoFinalGrado/xml/t.xml', 'w')"): [Errno 2] No such file or directory: '///MobSFDavid/TrabajoFinalGrado/xml/t.xml'
[2017-03-21 09:43:18]
[ERROR] XML Report Generation Error (/home/david/Escritorio/MobSFDavid/TrabajoFinalGrado/StaticAnalyzer/views/shared_func.py, LINE 277 "g = open('MobSFDavid/TrabajoFinalGrado/xml/t.xml', 'w')"): [Errno 2] No such file or directory: 'MobSFDavid/TrabajoFinalGrado/xml/t.xml'
[2017-03-21 09:53:04]
[ERROR] XML Report Generation Error (/home/david/Escritorio/MobSFDavid/TrabajoFinalGrado/StaticAnalyzer/views/shared_func.py, LINE 279 "etree.SubElement(precuinat, "certinfo | safe").text = context.get("certinfo | safe")"): Invalid tag name u'certinfo | safe'
[2017-03-21 10:31:00]
[ERROR] XML Report Generation Error (/home/david/Escritorio/MobSFDavid/TrabajoFinalGrado/StaticAnalyzer/views/shared_func.py, LINE 279 "print permissions.items"): global name 'permissions' is not defined
[2017-03-21 10:31:40]
[ERROR] XML Report Generation Error (/home/david/Escritorio/MobSFDavid/TrabajoFinalGrado/StaticAnalyzer/views/shared_func.py, LINE 279 "print permissions.items"): global name 'permissions' is not defined
[2017-03-21 10:32:30]
[ERROR] XML Report Generation Error (/home/david/Escritorio/MobSFDavid/TrabajoFinalGrado/StaticAnalyzer/views/shared_func.py, LINE 279 "print perm"): global name 'perm' is not defined
[2017-03-21 10:36:16]
[ERROR] XML Report Generation Error (/home/david/Escritorio/MobSFDavid/TrabajoFinalGrado/StaticAnalyzer/views/shared_func.py, LINE 280 "etree.SubElement(precuinat, "issues").text = "Certificate Status: " + context.get("issues")"): cannot concatenate 'str' and 'NoneType' objects
[2017-03-21 13:08:05]
[ERROR] XML Report Generation Error (/home/david/Escritorio/MobSFDavid/TrabajoFinalGrado/StaticAnalyzer/views/shared_func.py, LINE 286 "print 'Permissions' + context.get("permissions.items")"): cannot concatenate 'str' and 'NoneType' objects
[2017-03-21 13:11:41]
[ERROR] XML Report Generation Error (/home/david/Escritorio/MobSFDavid/TrabajoFinalGrado/StaticAnalyzer/views/shared_func.py, LINE 289 "for perm, desc in items:"): 'NoneType' object is not iterable
[2017-03-21 13:12:13]
[ERROR] XML Report Generation Error (/home/david/Escritorio/MobSFDavid/TrabajoFinalGrado/StaticAnalyzer/views/shared_func.py, LINE 289 "for i in items:"): 'NoneType' object is not iterable
[2017-03-21 13:12:41]
[ERROR] Cannot Check for updates. (/home/david/Escritorio/MobSFDavid/TrabajoFinalGrado/MobSF/utils.py, LINE 49 "html = response.read().split("\n")"): [Errno 104] Connection reset by peer
[2017-03-21 14:14:16]
[ERROR] XML Report Generation Error (/home/david/Escritorio/MobSFDavid/TrabajoFinalGrado/StaticAnalyzer/views/shared_func.py, LINE 289 "for perm, desc in dic.items():"): 'list' object has no attribute 'items'
[2017-03-21 14:21:52]
[ERROR] XML Report Generation Error (/home/david/Escritorio/MobSFDavid/TrabajoFinalGrado/StaticAnalyzer/views/shared_func.py, LINE 300 "for perm, desc in dic.items():"): 'list' object has no attribute 'items'
[2017-03-21 14:22:52]
[ERROR] XML Report Generation Error (/home/david/Escritorio/MobSFDavid/TrabajoFinalGrado/StaticAnalyzer/views/shared_func.py, LINE 300 "print dic.keys()"): 'list' object has no attribute 'keys'
[2017-03-21 14:23:18]
[ERROR] XML Report Generation Error (/home/david/Escritorio/MobSFDavid/TrabajoFinalGrado/StaticAnalyzer/views/shared_func.py, LINE 300 "print dic.keys()"): 'list' object has no attribute 'keys'
[2017-03-21 14:31:53]
[ERROR] XML Report Generation Error (/home/david/Escritorio/MobSFDavid/TrabajoFinalGrado/StaticAnalyzer/views/shared_func.py, LINE 300 "porComas = dic.split(",")"): 'list' object has no attribute 'split'
[2017-03-21 14:32:39]
[ERROR] XML Report Generation Error (/home/david/Escritorio/MobSFDavid/TrabajoFinalGrado/StaticAnalyzer/views/shared_func.py, LINE 300 "porComas = dic.split(",").toString()"): 'list' object has no attribute 'split'
[2017-03-21 14:35:53]
[ERROR] XML Report Generation Error (/home/david/Escritorio/MobSFDavid/TrabajoFinalGrado/StaticAnalyzer/views/shared_func.py, LINE 302 "porComas = linea.split(",")"): 'dict' object has no attribute 'split'
[2017-03-21 14:36:59]
[ERROR] XML Report Generation Error (/home/david/Escritorio/MobSFDavid/TrabajoFinalGrado/StaticAnalyzer/views/shared_func.py, LINE 298 "etree.SubElement(precuinat, "bin_analysis").text = dic"): Argument must be bytes or unicode, got 'list'
[2017-03-21 14:37:29]
[ERROR] XML Report Generation Error (/home/david/Escritorio/MobSFDavid/TrabajoFinalGrado/StaticAnalyzer/views/shared_func.py, LINE 298 "etree.SubElement(precuinat, "bin_analysis").text = dic[0]"): Argument must be bytes or unicode, got 'dict'
[2017-03-21 14:38:20]
[ERROR] XML Report Generation Error (/home/david/Escritorio/MobSFDavid/TrabajoFinalGrado/StaticAnalyzer/views/shared_func.py, LINE 297 "etree.SubElement(precuinat, "bin_analysis").text = context.get("binary_analysis")"): Argument must be bytes or unicode, got 'list'
[2017-03-21 14:41:18]
[ERROR] XML Report Generation Error (/home/david/Escritorio/MobSFDavid/TrabajoFinalGrado/StaticAnalyzer/views/shared_func.py, LINE 298 "dic2 = ''.join(dic)"): sequence item 0: expected string, dict found
[2017-03-21 14:42:11]
[ERROR] XML Report Generation Error (/home/david/Escritorio/MobSFDavid/TrabajoFinalGrado/StaticAnalyzer/views/shared_func.py, LINE 301 "etree.SubElement(precuinat, "bin_analysis").text = dic2"): Argument must be bytes or unicode, got 'dict'
[2017-03-21 14:43:02]
[ERROR] XML Report Generation Error (/home/david/Escritorio/MobSFDavid/TrabajoFinalGrado/StaticAnalyzer/views/shared_func.py, LINE 301 "etree.SubElement(precuinat, "bin_analysis").text = dic"): Argument must be bytes or unicode, got 'list'
[2017-03-21 14:45:07]
[ERROR] XML Report Generation Error (/home/david/Escritorio/MobSFDavid/TrabajoFinalGrado/StaticAnalyzer/views/shared_func.py, LINE 302 "etree.SubElement(precuinat, "bin_analysis").text = dic"): Argument must be bytes or unicode, got 'list'
[2017-03-21 14:46:53]
[ERROR] XML Report Generation Error (/home/david/Escritorio/MobSFDavid/TrabajoFinalGrado/StaticAnalyzer/views/shared_func.py, LINE 300 "for i,j in dic2:"): too many values to unpack
[2017-03-21 14:47:33]
[ERROR] XML Report Generation Error (/home/david/Escritorio/MobSFDavid/TrabajoFinalGrado/StaticAnalyzer/views/shared_func.py, LINE 300 "print dic2[2]"): 2
[2017-03-21 14:48:05]
[ERROR] XML Report Generation Error (/home/david/Escritorio/MobSFDavid/TrabajoFinalGrado/StaticAnalyzer/views/shared_func.py, LINE 302 "for i,j in dic2:"): too many values to unpack
[2017-03-21 14:48:40]
[ERROR] XML Report Generation Error (/home/david/Escritorio/MobSFDavid/TrabajoFinalGrado/StaticAnalyzer/views/shared_func.py, LINE 304 "etree.SubElement(precuinat, "value").text = i.value()"): 'str' object has no attribute 'value'
[2017-03-21 14:49:34]
[ERROR] XML Report Generation Error (/home/david/Escritorio/MobSFDavid/TrabajoFinalGrado/StaticAnalyzer/views/shared_func.py, LINE 299 "dic3 = dic2.split(",")"): 'dict' object has no attribute 'split'
[2017-03-21 14:50:16]
[ERROR] XML Report Generation Error (/home/david/Escritorio/MobSFDavid/TrabajoFinalGrado/StaticAnalyzer/views/shared_func.py, LINE 299 "dic3 = dic2.split(",")"): 'dict' object has no attribute 'split'
[2017-03-21 14:50:52]
[ERROR] XML Report Generation Error (/home/david/Escritorio/MobSFDavid/TrabajoFinalGrado/StaticAnalyzer/views/shared_func.py, LINE 301 "print dic3"): global name 'dic3' is not defined
[2017-03-21 14:51:26]
[ERROR] XML Report Generation Error (/home/david/Escritorio/MobSFDavid/TrabajoFinalGrado/StaticAnalyzer/views/shared_func.py, LINE 302 "print dic3"): global name 'dic3' is not defined
[2017-03-21 14:59:53]
[ERROR] XML Report Generation Error (/home/david/Escritorio/MobSFDavid/TrabajoFinalGrado/StaticAnalyzer/views/shared_func.py, LINE 318 "for i, j in dic.items():"): 'list' object has no attribute 'items'
[2017-03-21 15:02:31]
[ERROR] XML Report Generation Error (/home/david/Escritorio/MobSFDavid/TrabajoFinalGrado/StaticAnalyzer/views/shared_func.py, LINE 318 "for i, j, k in dic.items():"): 'list' object has no attribute 'items'
[2017-03-21 15:05:24]
[ERROR] XML Report Generation Error (/home/david/Escritorio/MobSFDavid/TrabajoFinalGrado/StaticAnalyzer/views/shared_func.py, LINE 317 "for i, j, k in dic.items():"): 'list' object has no attribute 'items'
[2017-03-21 15:05:56]
[ERROR] XML Report Generation Error (/home/david/Escritorio/MobSFDavid/TrabajoFinalGrado/StaticAnalyzer/views/shared_func.py, LINE 319 "for i, j, k in dic.items():"): 'list' object has no attribute 'items'
[2017-03-21 15:06:56]
[ERROR] XML Report Generation Error (/home/david/Escritorio/MobSFDavid/TrabajoFinalGrado/StaticAnalyzer/views/shared_func.py, LINE 317 "for p in dic.items():"): 'list' object has no attribute 'items'
[2017-03-21 15:07:40]
[ERROR] XML Report Generation Error (/home/david/Escritorio/MobSFDavid/TrabajoFinalGrado/StaticAnalyzer/views/shared_func.py, LINE 319 "for p in dic.items():"): 'list' object has no attribute 'items'
[2017-03-21 15:08:42]
[ERROR] XML Report Generation Error (/home/david/Escritorio/MobSFDavid/TrabajoFinalGrado/StaticAnalyzer/views/shared_func.py, LINE 318 "for n in len(dic):"): 'int' object is not iterable
[2017-03-21 15:15:01]
[ERROR] XML Report Generation Error (/home/david/Escritorio/MobSFDavid/TrabajoFinalGrado/StaticAnalyzer/views/shared_func.py, LINE 318 "for n in len(dic):"): 'int' object is not iterable
[2017-03-21 15:16:59]
[ERROR] XML Report Generation Error (/home/david/Escritorio/MobSFDavid/TrabajoFinalGrado/StaticAnalyzer/views/shared_func.py, LINE 318 "dic2.append(dic[n])"): 'dict' object has no attribute 'append'
[2017-03-21 15:19:20]
[ERROR] XML Report Generation Error (/home/david/Escritorio/MobSFDavid/TrabajoFinalGrado/StaticAnalyzer/views/shared_func.py, LINE 318 "dic2[n] = dic[n]"): list indices must be integers, not dict
[2017-03-21 15:19:52]
[ERROR] XML Report Generation Error (/home/david/Escritorio/MobSFDavid/TrabajoFinalGrado/StaticAnalyzer/views/shared_func.py, LINE 318 "print dic[n]"): list indices must be integers, not dict
[2017-03-21 15:20:39]
[ERROR] XML Report Generation Error (/home/david/Escritorio/MobSFDavid/TrabajoFinalGrado/StaticAnalyzer/views/shared_func.py, LINE 319 "print dic[n]"): list indices must be integers, not dict
[2017-03-21 15:21:04]
[ERROR] XML Report Generation Error (/home/david/Escritorio/MobSFDavid/TrabajoFinalGrado/StaticAnalyzer/views/shared_func.py, LINE 322 "for i, j, k in p:"): too many values to unpack
[2017-03-21 15:21:52]
[ERROR] XML Report Generation Error (/home/david/Escritorio/MobSFDavid/TrabajoFinalGrado/StaticAnalyzer/views/shared_func.py, LINE 319 "dic2.append(dic)"): 'dict' object has no attribute 'append'
[2017-03-21 15:23:22]
[ERROR] XML Report Generation Error (/home/david/Escritorio/MobSFDavid/TrabajoFinalGrado/StaticAnalyzer/views/shared_func.py, LINE 318 "for i, j, k in p:"): too many values to unpack
[2017-03-21 15:23:58]
[ERROR] XML Report Generation Error (/home/david/Escritorio/MobSFDavid/TrabajoFinalGrado/StaticAnalyzer/views/shared_func.py, LINE 319 "for i, j, k in p:"): too many values to unpack
[2017-03-21 15:24:22]
[ERROR] XML Report Generation Error (/home/david/Escritorio/MobSFDavid/TrabajoFinalGrado/StaticAnalyzer/views/shared_func.py, LINE 318 "print p[0]"): 0
[2017-03-21 15:24:47]
[ERROR] XML Report Generation Error (/home/david/Escritorio/MobSFDavid/TrabajoFinalGrado/StaticAnalyzer/views/shared_func.py, LINE 319 "for i, j, k in p:"): too many values to unpack
[2017-03-21 15:27:53]
[ERROR] XML Report Generation Error (/home/david/Escritorio/MobSFDavid/TrabajoFinalGrado/StaticAnalyzer/views/shared_func.py, LINE 318 "print p[0]"): 0
[2017-03-21 15:28:12]
[ERROR] XML Report Generation Error (/home/david/Escritorio/MobSFDavid/TrabajoFinalGrado/StaticAnalyzer/views/shared_func.py, LINE 319 "for i,j in p:"): too many values to unpack
[2017-03-21 15:28:58]
[ERROR] XML Report Generation Error (/home/david/Escritorio/MobSFDavid/TrabajoFinalGrado/StaticAnalyzer/views/shared_func.py, LINE 319 "etree.SubElement(precuinat, "key").text = i.key()"): 'str' object has no attribute 'key'
[2017-03-21 15:29:23]
[ERROR] XML Report Generation Error (/home/david/Escritorio/MobSFDavid/TrabajoFinalGrado/StaticAnalyzer/views/shared_func.py, LINE 320 "etree.SubElement(precuinat, "key").text = i.key()"): 'str' object has no attribute 'key'
[2017-03-21 15:29:52]
[ERROR] XML Report Generation Error (/home/david/Escritorio/MobSFDavid/TrabajoFinalGrado/StaticAnalyzer/views/shared_func.py, LINE 318 "for i,j in p:"): too many values to unpack
[2017-03-21 15:30:22]
[ERROR] XML Report Generation Error (/home/david/Escritorio/MobSFDavid/TrabajoFinalGrado/StaticAnalyzer/views/shared_func.py, LINE 318 "for i,j in p:"): too many values to unpack
[2017-03-21 15:30:40]
[ERROR] XML Report Generation Error (/home/david/Escritorio/MobSFDavid/TrabajoFinalGrado/StaticAnalyzer/views/shared_func.py, LINE 320 "print i.values()"): 'str' object has no attribute 'values'
[2017-03-21 15:44:41]
[ERROR] XML Report Generation Error (/home/david/Escritorio/MobSFDavid/TrabajoFinalGrado/StaticAnalyzer/views/shared_func.py, LINE 343 "for i,j in dic.items():"): 'NoneType' object has no attribute 'items'
[2017-03-21 15:53:41]
[ERROR] XML Report Generation Error (/home/david/Escritorio/MobSFDavid/TrabajoFinalGrado/StaticAnalyzer/views/shared_func.py, LINE 343 "for i,j in dic.items():"): 'NoneType' object has no attribute 'items'
[2017-03-21 15:55:11]
[ERROR] XML Report Generation Error (/home/david/Escritorio/MobSFDavid/TrabajoFinalGrado/StaticAnalyzer/views/shared_func.py, LINE 343 "if (len(dic) > 0):"): object of type 'NoneType' has no len()
[2017-03-21 15:55:34]
[ERROR] XML Report Generation Error (/home/david/Escritorio/MobSFDavid/TrabajoFinalGrado/StaticAnalyzer/views/shared_func.py, LINE 343 "if (len(dic) != 0):"): object of type 'NoneType' has no len()
[2017-03-21 15:55:59]
[ERROR] XML Report Generation Error (/home/david/Escritorio/MobSFDavid/TrabajoFinalGrado/StaticAnalyzer/views/shared_func.py, LINE 343 "print len(dic)"): object of type 'NoneType' has no len()
[2017-03-21 15:56:27]
[ERROR] XML Report Generation Error (/home/david/Escritorio/MobSFDavid/TrabajoFinalGrado/StaticAnalyzer/views/shared_func.py, LINE 343 "if (dic != null):"): global name 'null' is not defined
[2017-03-21 15:56:44]
[ERROR] XML Report Generation Error (/home/david/Escritorio/MobSFDavid/TrabajoFinalGrado/StaticAnalyzer/views/shared_func.py, LINE 343 "if (dic != Null):"): global name 'Null' is not defined
[2017-03-21 16:00:56]
[ERROR] XML Report Generation Error (/home/david/Escritorio/MobSFDavid/TrabajoFinalGrado/StaticAnalyzer/views/shared_func.py, LINE 343 "if (dic.exists()):"): 'NoneType' object has no attribute 'exists'
[2017-03-21 16:01:46]
[ERROR] XML Report Generation Error (/home/david/Escritorio/MobSFDavid/TrabajoFinalGrado/StaticAnalyzer/views/shared_func.py, LINE 343 "if (dic != NoneType):"): global name 'NoneType' is not defined
[2017-03-21 16:02:10]
[ERROR] XML Report Generation Error (/home/david/Escritorio/MobSFDavid/TrabajoFinalGrado/StaticAnalyzer/views/shared_func.py, LINE 344 "for i,j in dic.items():"): 'NoneType' object has no attribute 'items'
[2017-03-21 16:06:58]
[ERROR] XML Report Generation Error (/home/david/Escritorio/MobSFDavid/TrabajoFinalGrado/StaticAnalyzer/views/shared_func.py, LINE 356 "etree.SubElement(precuinat, "contenido").text = context.get("strings")"): Argument must be bytes or unicode, got 'list'
[2017-03-21 16:07:40]
[ERROR] XML Report Generation Error (/home/david/Escritorio/MobSFDavid/TrabajoFinalGrado/StaticAnalyzer/views/shared_func.py, LINE 357 "etree.SubElement(precuinat, "contenido").text = context.get("strings")"): Argument must be bytes or unicode, got 'list'
[2017-03-22 11:36:18]
[ERROR] Cannot Check for updates. (/home/david/Escritorio/MobSFDavid/TrabajoFinalGrado/MobSF/utils.py, LINE 49 "html = response.read().split("\n")"): [Errno 104] Connection reset by peer